This is pdfTeX, Version 3.141592653-2.6-1.40.25 (TeX Live 2023/nixos.org) (preloaded format=pdflatex 1980.1.1)  22 APR 2025 08:12
entering extended mode
 restricted \write18 enabled.
 %&-line parsing enabled.
**document.tex
(./document.tex
LaTeX2e <2023-11-01> patch level 1
L3 programming layer <2024-02-20>

(/nix/store/8pllqrcln2qx94ycb9iwgps3kqhk465f-texlive-2023-env-texmfdist/tex/lat
ex/base/article.cls
Document Class: article 2023/05/17 v1.4n Standard LaTeX document class

(/nix/store/8pllqrcln2qx94ycb9iwgps3kqhk465f-texlive-2023-env-texmfdist/tex/lat
ex/base/size10.clo
File: size10.clo 2023/05/17 v1.4n Standard LaTeX file (size option)
)
\c@part=\count188
\c@section=\count189
\c@subsection=\count190
\c@subsubsection=\count191
\c@paragraph=\count192
\c@subparagraph=\count193
\c@figure=\count194
\c@table=\count195
\abovecaptionskip=\skip48
\belowcaptionskip=\skip49
\bibindent=\dimen140
)
(/nix/store/8pllqrcln2qx94ycb9iwgps3kqhk465f-texlive-2023-env-texmfdist/tex/lat
ex/psnfss/times.sty
Package: times 2020/03/25 PSNFSS-v9.3 (SPQR) 
)
(/nix/store/8pllqrcln2qx94ycb9iwgps3kqhk465f-texlive-2023-env-texmfdist/tex/lat
ex/tcolorbox/tcolorbox.sty
Package: tcolorbox 2024/01/10 version 6.2.0 text color boxes

(/nix/store/8pllqrcln2qx94ycb9iwgps3kqhk465f-texlive-2023-env-texmfdist/tex/lat
ex/pgf/basiclayer/pgf.sty
(/nix/store/8pllqrcln2qx94ycb9iwgps3kqhk465f-texlive-2023-env-texmfdist/tex/lat
ex/pgf/utilities/pgfrcs.sty
(/nix/store/8pllqrcln2qx94ycb9iwgps3kqhk465f-texlive-2023-env-texmfdist/tex/gen
eric/pgf/utilities/pgfutil-common.tex
\pgfutil@everybye=\toks17
\pgfutil@tempdima=\dimen141
\pgfutil@tempdimb=\dimen142
)
(/nix/store/8pllqrcln2qx94ycb9iwgps3kqhk465f-texlive-2023-env-texmfdist/tex/gen
eric/pgf/utilities/pgfutil-latex.def
\pgfutil@abb=\box51
)
(/nix/store/8pllqrcln2qx94ycb9iwgps3kqhk465f-texlive-2023-env-texmfdist/tex/gen
eric/pgf/utilities/pgfrcs.code.tex
(/nix/store/8pllqrcln2qx94ycb9iwgps3kqhk465f-texlive-2023-env-texmfdist/tex/gen
eric/pgf/pgf.revision.tex)
Package: pgfrcs 2023-01-15 v3.1.10 (3.1.10)
))
Package: pgf 2023-01-15 v3.1.10 (3.1.10)

(/nix/store/8pllqrcln2qx94ycb9iwgps3kqhk465f-texlive-2023-env-texmfdist/tex/lat
ex/pgf/basiclayer/pgfcore.sty
(/nix/store/8pllqrcln2qx94ycb9iwgps3kqhk465f-texlive-2023-env-texmfdist/tex/lat
ex/graphics/graphicx.sty
Package: graphicx 2021/09/16 v1.2d Enhanced LaTeX Graphics (DPC,SPQR)

(/nix/store/8pllqrcln2qx94ycb9iwgps3kqhk465f-texlive-2023-env-texmfdist/tex/lat
ex/graphics/keyval.sty
Package: keyval 2022/05/29 v1.15 key=value parser (DPC)
\KV@toks@=\toks18
)
(/nix/store/8pllqrcln2qx94ycb9iwgps3kqhk465f-texlive-2023-env-texmfdist/tex/lat
ex/graphics/graphics.sty
Package: graphics 2022/03/10 v1.4e Standard LaTeX Graphics (DPC,SPQR)

(/nix/store/8pllqrcln2qx94ycb9iwgps3kqhk465f-texlive-2023-env-texmfdist/tex/lat
ex/graphics/trig.sty
Package: trig 2021/08/11 v1.11 sin cos tan (DPC)
)
(/nix/store/8pllqrcln2qx94ycb9iwgps3kqhk465f-texlive-2023-env-texmfdist/tex/lat
ex/graphics-cfg/graphics.cfg
File: graphics.cfg 2016/06/04 v1.11 sample graphics configuration
)
Package graphics Info: Driver file: pdftex.def on input line 107.

(/nix/store/8pllqrcln2qx94ycb9iwgps3kqhk465f-texlive-2023-env-texmfdist/tex/lat
ex/graphics-def/pdftex.def
File: pdftex.def 2022/09/22 v1.2b Graphics/color driver for pdftex
))
\Gin@req@height=\dimen143
\Gin@req@width=\dimen144
)
(/nix/store/8pllqrcln2qx94ycb9iwgps3kqhk465f-texlive-2023-env-texmfdist/tex/lat
ex/pgf/systemlayer/pgfsys.sty
(/nix/store/8pllqrcln2qx94ycb9iwgps3kqhk465f-texlive-2023-env-texmfdist/tex/gen
eric/pgf/systemlayer/pgfsys.code.tex
Package: pgfsys 2023-01-15 v3.1.10 (3.1.10)

(/nix/store/8pllqrcln2qx94ycb9iwgps3kqhk465f-texlive-2023-env-texmfdist/tex/gen
eric/pgf/utilities/pgfkeys.code.tex
\pgfkeys@pathtoks=\toks19
\pgfkeys@temptoks=\toks20

(/nix/store/8pllqrcln2qx94ycb9iwgps3kqhk465f-texlive-2023-env-texmfdist/tex/gen
eric/pgf/utilities/pgfkeyslibraryfiltered.code.tex
\pgfkeys@tmptoks=\toks21
))
\pgf@x=\dimen145
\pgf@y=\dimen146
\pgf@xa=\dimen147
\pgf@ya=\dimen148
\pgf@xb=\dimen149
\pgf@yb=\dimen150
\pgf@xc=\dimen151
\pgf@yc=\dimen152
\pgf@xd=\dimen153
\pgf@yd=\dimen154
\w@pgf@writea=\write3
\r@pgf@reada=\read2
\c@pgf@counta=\count196
\c@pgf@countb=\count197
\c@pgf@countc=\count198
\c@pgf@countd=\count199
\t@pgf@toka=\toks22
\t@pgf@tokb=\toks23
\t@pgf@tokc=\toks24
\pgf@sys@id@count=\count266

(/nix/store/8pllqrcln2qx94ycb9iwgps3kqhk465f-texlive-2023-env-texmfdist/tex/gen
eric/pgf/systemlayer/pgf.cfg
File: pgf.cfg 2023-01-15 v3.1.10 (3.1.10)
)
Driver file for pgf: pgfsys-pdftex.def

(/nix/store/8pllqrcln2qx94ycb9iwgps3kqhk465f-texlive-2023-env-texmfdist/tex/gen
eric/pgf/systemlayer/pgfsys-pdftex.def
File: pgfsys-pdftex.def 2023-01-15 v3.1.10 (3.1.10)

(/nix/store/8pllqrcln2qx94ycb9iwgps3kqhk465f-texlive-2023-env-texmfdist/tex/gen
eric/pgf/systemlayer/pgfsys-common-pdf.def
File: pgfsys-common-pdf.def 2023-01-15 v3.1.10 (3.1.10)
)))
(/nix/store/8pllqrcln2qx94ycb9iwgps3kqhk465f-texlive-2023-env-texmfdist/tex/gen
eric/pgf/systemlayer/pgfsyssoftpath.code.tex
File: pgfsyssoftpath.code.tex 2023-01-15 v3.1.10 (3.1.10)
\pgfsyssoftpath@smallbuffer@items=\count267
\pgfsyssoftpath@bigbuffer@items=\count268
)
(/nix/store/8pllqrcln2qx94ycb9iwgps3kqhk465f-texlive-2023-env-texmfdist/tex/gen
eric/pgf/systemlayer/pgfsysprotocol.code.tex
File: pgfsysprotocol.code.tex 2023-01-15 v3.1.10 (3.1.10)
))
(/nix/store/8pllqrcln2qx94ycb9iwgps3kqhk465f-texlive-2023-env-texmfdist/tex/lat
ex/xcolor/xcolor.sty
Package: xcolor 2023/11/15 v3.01 LaTeX color extensions (UK)

(/nix/store/8pllqrcln2qx94ycb9iwgps3kqhk465f-texlive-2023-env-texmfdist/tex/lat
ex/graphics-cfg/color.cfg
File: color.cfg 2016/01/02 v1.6 sample color configuration
)
Package xcolor Info: Driver file: pdftex.def on input line 274.

(/nix/store/8pllqrcln2qx94ycb9iwgps3kqhk465f-texlive-2023-env-texmfdist/tex/lat
ex/graphics/mathcolor.ltx)
Package xcolor Info: Model `cmy' substituted by `cmy0' on input line 1350.
Package xcolor Info: Model `hsb' substituted by `rgb' on input line 1354.
Package xcolor Info: Model `RGB' extended on input line 1366.
Package xcolor Info: Model `HTML' substituted by `rgb' on input line 1368.
Package xcolor Info: Model `Hsb' substituted by `hsb' on input line 1369.
Package xcolor Info: Model `tHsb' substituted by `hsb' on input line 1370.
Package xcolor Info: Model `HSB' substituted by `hsb' on input line 1371.
Package xcolor Info: Model `Gray' substituted by `gray' on input line 1372.
Package xcolor Info: Model `wave' substituted by `hsb' on input line 1373.
)
(/nix/store/8pllqrcln2qx94ycb9iwgps3kqhk465f-texlive-2023-env-texmfdist/tex/gen
eric/pgf/basiclayer/pgfcore.code.tex
Package: pgfcore 2023-01-15 v3.1.10 (3.1.10)

(/nix/store/8pllqrcln2qx94ycb9iwgps3kqhk465f-texlive-2023-env-texmfdist/tex/gen
eric/pgf/math/pgfmath.code.tex
(/nix/store/8pllqrcln2qx94ycb9iwgps3kqhk465f-texlive-2023-env-texmfdist/tex/gen
eric/pgf/math/pgfmathutil.code.tex)
(/nix/store/8pllqrcln2qx94ycb9iwgps3kqhk465f-texlive-2023-env-texmfdist/tex/gen
eric/pgf/math/pgfmathparser.code.tex
\pgfmath@dimen=\dimen155
\pgfmath@count=\count269
\pgfmath@box=\box52
\pgfmath@toks=\toks25
\pgfmath@stack@operand=\toks26
\pgfmath@stack@operation=\toks27
)
(/nix/store/8pllqrcln2qx94ycb9iwgps3kqhk465f-texlive-2023-env-texmfdist/tex/gen
eric/pgf/math/pgfmathfunctions.code.tex)
(/nix/store/8pllqrcln2qx94ycb9iwgps3kqhk465f-texlive-2023-env-texmfdist/tex/gen
eric/pgf/math/pgfmathfunctions.basic.code.tex)
(/nix/store/8pllqrcln2qx94ycb9iwgps3kqhk465f-texlive-2023-env-texmfdist/tex/gen
eric/pgf/math/pgfmathfunctions.trigonometric.code.tex)
(/nix/store/8pllqrcln2qx94ycb9iwgps3kqhk465f-texlive-2023-env-texmfdist/tex/gen
eric/pgf/math/pgfmathfunctions.random.code.tex)
(/nix/store/8pllqrcln2qx94ycb9iwgps3kqhk465f-texlive-2023-env-texmfdist/tex/gen
eric/pgf/math/pgfmathfunctions.comparison.code.tex)
(/nix/store/8pllqrcln2qx94ycb9iwgps3kqhk465f-texlive-2023-env-texmfdist/tex/gen
eric/pgf/math/pgfmathfunctions.base.code.tex)
(/nix/store/8pllqrcln2qx94ycb9iwgps3kqhk465f-texlive-2023-env-texmfdist/tex/gen
eric/pgf/math/pgfmathfunctions.round.code.tex)
(/nix/store/8pllqrcln2qx94ycb9iwgps3kqhk465f-texlive-2023-env-texmfdist/tex/gen
eric/pgf/math/pgfmathfunctions.misc.code.tex)
(/nix/store/8pllqrcln2qx94ycb9iwgps3kqhk465f-texlive-2023-env-texmfdist/tex/gen
eric/pgf/math/pgfmathfunctions.integerarithmetics.code.tex)
(/nix/store/8pllqrcln2qx94ycb9iwgps3kqhk465f-texlive-2023-env-texmfdist/tex/gen
eric/pgf/math/pgfmathcalc.code.tex)
(/nix/store/8pllqrcln2qx94ycb9iwgps3kqhk465f-texlive-2023-env-texmfdist/tex/gen
eric/pgf/math/pgfmathfloat.code.tex
\c@pgfmathroundto@lastzeros=\count270
))
(/nix/store/8pllqrcln2qx94ycb9iwgps3kqhk465f-texlive-2023-env-texmfdist/tex/gen
eric/pgf/math/pgfint.code.tex)
(/nix/store/8pllqrcln2qx94ycb9iwgps3kqhk465f-texlive-2023-env-texmfdist/tex/gen
eric/pgf/basiclayer/pgfcorepoints.code.tex
File: pgfcorepoints.code.tex 2023-01-15 v3.1.10 (3.1.10)
\pgf@picminx=\dimen156
\pgf@picmaxx=\dimen157
\pgf@picminy=\dimen158
\pgf@picmaxy=\dimen159
\pgf@pathminx=\dimen160
\pgf@pathmaxx=\dimen161
\pgf@pathminy=\dimen162
\pgf@pathmaxy=\dimen163
\pgf@xx=\dimen164
\pgf@xy=\dimen165
\pgf@yx=\dimen166
\pgf@yy=\dimen167
\pgf@zx=\dimen168
\pgf@zy=\dimen169
)
(/nix/store/8pllqrcln2qx94ycb9iwgps3kqhk465f-texlive-2023-env-texmfdist/tex/gen
eric/pgf/basiclayer/pgfcorepathconstruct.code.tex
File: pgfcorepathconstruct.code.tex 2023-01-15 v3.1.10 (3.1.10)
\pgf@path@lastx=\dimen170
\pgf@path@lasty=\dimen171
)
(/nix/store/8pllqrcln2qx94ycb9iwgps3kqhk465f-texlive-2023-env-texmfdist/tex/gen
eric/pgf/basiclayer/pgfcorepathusage.code.tex
File: pgfcorepathusage.code.tex 2023-01-15 v3.1.10 (3.1.10)
\pgf@shorten@end@additional=\dimen172
\pgf@shorten@start@additional=\dimen173
)
(/nix/store/8pllqrcln2qx94ycb9iwgps3kqhk465f-texlive-2023-env-texmfdist/tex/gen
eric/pgf/basiclayer/pgfcorescopes.code.tex
File: pgfcorescopes.code.tex 2023-01-15 v3.1.10 (3.1.10)
\pgfpic=\box53
\pgf@hbox=\box54
\pgf@layerbox@main=\box55
\pgf@picture@serial@count=\count271
)
(/nix/store/8pllqrcln2qx94ycb9iwgps3kqhk465f-texlive-2023-env-texmfdist/tex/gen
eric/pgf/basiclayer/pgfcoregraphicstate.code.tex
File: pgfcoregraphicstate.code.tex 2023-01-15 v3.1.10 (3.1.10)
\pgflinewidth=\dimen174
)
(/nix/store/8pllqrcln2qx94ycb9iwgps3kqhk465f-texlive-2023-env-texmfdist/tex/gen
eric/pgf/basiclayer/pgfcoretransformations.code.tex
File: pgfcoretransformations.code.tex 2023-01-15 v3.1.10 (3.1.10)
\pgf@pt@x=\dimen175
\pgf@pt@y=\dimen176
\pgf@pt@temp=\dimen177
)
(/nix/store/8pllqrcln2qx94ycb9iwgps3kqhk465f-texlive-2023-env-texmfdist/tex/gen
eric/pgf/basiclayer/pgfcorequick.code.tex
File: pgfcorequick.code.tex 2023-01-15 v3.1.10 (3.1.10)
)
(/nix/store/8pllqrcln2qx94ycb9iwgps3kqhk465f-texlive-2023-env-texmfdist/tex/gen
eric/pgf/basiclayer/pgfcoreobjects.code.tex
File: pgfcoreobjects.code.tex 2023-01-15 v3.1.10 (3.1.10)
)
(/nix/store/8pllqrcln2qx94ycb9iwgps3kqhk465f-texlive-2023-env-texmfdist/tex/gen
eric/pgf/basiclayer/pgfcorepathprocessing.code.tex
File: pgfcorepathprocessing.code.tex 2023-01-15 v3.1.10 (3.1.10)
)
(/nix/store/8pllqrcln2qx94ycb9iwgps3kqhk465f-texlive-2023-env-texmfdist/tex/gen
eric/pgf/basiclayer/pgfcorearrows.code.tex
File: pgfcorearrows.code.tex 2023-01-15 v3.1.10 (3.1.10)
\pgfarrowsep=\dimen178
)
(/nix/store/8pllqrcln2qx94ycb9iwgps3kqhk465f-texlive-2023-env-texmfdist/tex/gen
eric/pgf/basiclayer/pgfcoreshade.code.tex
File: pgfcoreshade.code.tex 2023-01-15 v3.1.10 (3.1.10)
\pgf@max=\dimen179
\pgf@sys@shading@range@num=\count272
\pgf@shadingcount=\count273
)
(/nix/store/8pllqrcln2qx94ycb9iwgps3kqhk465f-texlive-2023-env-texmfdist/tex/gen
eric/pgf/basiclayer/pgfcoreimage.code.tex
File: pgfcoreimage.code.tex 2023-01-15 v3.1.10 (3.1.10)
)
(/nix/store/8pllqrcln2qx94ycb9iwgps3kqhk465f-texlive-2023-env-texmfdist/tex/gen
eric/pgf/basiclayer/pgfcoreexternal.code.tex
File: pgfcoreexternal.code.tex 2023-01-15 v3.1.10 (3.1.10)
\pgfexternal@startupbox=\box56
)
(/nix/store/8pllqrcln2qx94ycb9iwgps3kqhk465f-texlive-2023-env-texmfdist/tex/gen
eric/pgf/basiclayer/pgfcorelayers.code.tex
File: pgfcorelayers.code.tex 2023-01-15 v3.1.10 (3.1.10)
)
(/nix/store/8pllqrcln2qx94ycb9iwgps3kqhk465f-texlive-2023-env-texmfdist/tex/gen
eric/pgf/basiclayer/pgfcoretransparency.code.tex
File: pgfcoretransparency.code.tex 2023-01-15 v3.1.10 (3.1.10)
)
(/nix/store/8pllqrcln2qx94ycb9iwgps3kqhk465f-texlive-2023-env-texmfdist/tex/gen
eric/pgf/basiclayer/pgfcorepatterns.code.tex
File: pgfcorepatterns.code.tex 2023-01-15 v3.1.10 (3.1.10)
)
(/nix/store/8pllqrcln2qx94ycb9iwgps3kqhk465f-texlive-2023-env-texmfdist/tex/gen
eric/pgf/basiclayer/pgfcorerdf.code.tex
File: pgfcorerdf.code.tex 2023-01-15 v3.1.10 (3.1.10)
)))
(/nix/store/8pllqrcln2qx94ycb9iwgps3kqhk465f-texlive-2023-env-texmfdist/tex/gen
eric/pgf/modules/pgfmoduleshapes.code.tex
File: pgfmoduleshapes.code.tex 2023-01-15 v3.1.10 (3.1.10)
\pgfnodeparttextbox=\box57
)
(/nix/store/8pllqrcln2qx94ycb9iwgps3kqhk465f-texlive-2023-env-texmfdist/tex/gen
eric/pgf/modules/pgfmoduleplot.code.tex
File: pgfmoduleplot.code.tex 2023-01-15 v3.1.10 (3.1.10)
)
(/nix/store/8pllqrcln2qx94ycb9iwgps3kqhk465f-texlive-2023-env-texmfdist/tex/lat
ex/pgf/compatibility/pgfcomp-version-0-65.sty
Package: pgfcomp-version-0-65 2023-01-15 v3.1.10 (3.1.10)
\pgf@nodesepstart=\dimen180
\pgf@nodesepend=\dimen181
)
(/nix/store/8pllqrcln2qx94ycb9iwgps3kqhk465f-texlive-2023-env-texmfdist/tex/lat
ex/pgf/compatibility/pgfcomp-version-1-18.sty
Package: pgfcomp-version-1-18 2023-01-15 v3.1.10 (3.1.10)
))
(/nix/store/8pllqrcln2qx94ycb9iwgps3kqhk465f-texlive-2023-env-texmfdist/tex/lat
ex/tools/verbatim.sty
Package: verbatim 2023-11-06 v1.5v LaTeX2e package for verbatim enhancements
\every@verbatim=\toks28
\verbatim@line=\toks29
\verbatim@in@stream=\read3
)
(/nix/store/8pllqrcln2qx94ycb9iwgps3kqhk465f-texlive-2023-env-texmfdist/tex/lat
ex/environ/environ.sty
Package: environ 2014/05/04 v0.3 A new way to define environments

(/nix/store/8pllqrcln2qx94ycb9iwgps3kqhk465f-texlive-2023-env-texmfdist/tex/lat
ex/trimspaces/trimspaces.sty
Package: trimspaces 2009/09/17 v1.1 Trim spaces around a token list
)
\@envbody=\toks30
)
(/nix/store/8pllqrcln2qx94ycb9iwgps3kqhk465f-texlive-2023-env-texmfdist/tex/lat
ex/etoolbox/etoolbox.sty
Package: etoolbox 2020/10/05 v2.5k e-TeX tools for LaTeX (JAW)
\etb@tempcnta=\count274
)
\tcb@titlebox=\box58
\tcb@upperbox=\box59
\tcb@lowerbox=\box60
\tcb@phantombox=\box61
\c@tcbbreakpart=\count275
\c@tcblayer=\count276
\c@tcolorbox@number=\count277
\l__tcobox_tmpa_box=\box62
\l__tcobox_tmpa_dim=\dimen182
\tcb@temp=\box63
\tcb@temp=\box64
\tcb@temp=\box65
\tcb@temp=\box66
)
LaTeX Font Info:    Trying to load font information for OT1+ptm on input line 9
.

(/nix/store/8pllqrcln2qx94ycb9iwgps3kqhk465f-texlive-2023-env-texmfdist/tex/lat
ex/psnfss/ot1ptm.fd
File: ot1ptm.fd 2001/06/04 font definitions for OT1/ptm.
)
(/nix/store/8pllqrcln2qx94ycb9iwgps3kqhk465f-texlive-2023-env-texmfdist/tex/lat
ex/l3backend/l3backend-pdftex.def
File: l3backend-pdftex.def 2024-02-20 L3 backend support: PDF output (pdfTeX)
\l__color_backend_stack_int=\count278
\l__pdf_internal_box=\box67
) (./document.aux)
\openout1 = `document.aux'.

LaTeX Font Info:    Checking defaults for OML/cmm/m/it on input line 9.
LaTeX Font Info:    ... okay on input line 9.
LaTeX Font Info:    Checking defaults for OMS/cmsy/m/n on input line 9.
LaTeX Font Info:    ... okay on input line 9.
LaTeX Font Info:    Checking defaults for OT1/cmr/m/n on input line 9.
LaTeX Font Info:    ... okay on input line 9.
LaTeX Font Info:    Checking defaults for T1/cmr/m/n on input line 9.
LaTeX Font Info:    ... okay on input line 9.
LaTeX Font Info:    Checking defaults for TS1/cmr/m/n on input line 9.
LaTeX Font Info:    ... okay on input line 9.
LaTeX Font Info:    Checking defaults for OMX/cmex/m/n on input line 9.
LaTeX Font Info:    ... okay on input line 9.
LaTeX Font Info:    Checking defaults for U/cmr/m/n on input line 9.
LaTeX Font Info:    ... okay on input line 9.

(/nix/store/8pllqrcln2qx94ycb9iwgps3kqhk465f-texlive-2023-env-texmfdist/tex/con
text/base/mkii/supp-pdf.mkii
[Loading MPS to PDF converter (version 2006.09.02).]
\scratchcounter=\count279
\scratchdimen=\dimen183
\scratchbox=\box68
\nofMPsegments=\count280
\nofMParguments=\count281
\everyMPshowfont=\toks31
\MPscratchCnt=\count282
\MPscratchDim=\dimen184
\MPnumerator=\count283
\makeMPintoPDFobject=\count284
\everyMPtoPDFconversion=\toks32
)
(/nix/store/8pllqrcln2qx94ycb9iwgps3kqhk465f-texlive-2023-env-texmfdist/tex/lat
ex/epstopdf-pkg/epstopdf-base.sty
Package: epstopdf-base 2020-01-24 v2.11 Base part for package epstopdf
Package epstopdf-base Info: Redefining graphics rule for `.eps' on input line 4
85.

(/nix/store/8pllqrcln2qx94ycb9iwgps3kqhk465f-texlive-2023-env-texmfdist/tex/lat
ex/latexconfig/epstopdf-sys.cfg
File: epstopdf-sys.cfg 2010/07/13 v1.3 Configuration of (r)epstopdf for TeX Liv
e
))
LaTeX Font Info:    External font `cmex10' loaded for size
(Font)              <12> on input line 10.
LaTeX Font Info:    External font `cmex10' loaded for size
(Font)              <8> on input line 10.
LaTeX Font Info:    External font `cmex10' loaded for size
(Font)              <6> on input line 10.
 [1

{/nix/store/jg380am8znqh8c5scvm3cy98455ijcl2-texlive-2023-env/share/texmf-var/f
onts/map/pdftex/updmap/pdftex.map}{/nix/store/8pllqrcln2qx94ycb9iwgps3kqhk465f-
texlive-2023-env-texmfdist/fonts/enc/dvips/base/8r.enc}] [2]
LaTeX Font Info:    External font `cmex10' loaded for size
(Font)              <7> on input line 68.
LaTeX Font Info:    External font `cmex10' loaded for size
(Font)              <5> on input line 68.
 [3] (./document.aux)
 ***********
LaTeX2e <2023-11-01> patch level 1
L3 programming layer <2024-02-20>
 ***********
 ) 
Here is how much of TeX's memory you used:
 11646 strings out of 474116
 251766 string characters out of 5720541
 1931187 words of memory out of 5000000
 33834 multiletter control sequences out of 15000+600000
 571003 words of font info for 58 fonts, out of 8000000 for 9000
 1141 hyphenation exceptions out of 8191
 101i,8n,107p,902b,199s stack positions out of 10000i,1000n,20000p,200000b,200000s
</nix/store/8pllqrcln2qx94ycb9iwgps3kqhk465f-texlive-2023-env-texmfdist/fonts
/type1/public/amsfonts/cm/cmmi10.pfb></nix/store/8pllqrcln2qx94ycb9iwgps3kqhk46
5f-texlive-2023-env-texmfdist/fonts/type1/public/amsfonts/cm/cmmi7.pfb></nix/st
ore/8pllqrcln2qx94ycb9iwgps3kqhk465f-texlive-2023-env-texmfdist/fonts/type1/pub
lic/amsfonts/cm/cmr10.pfb></nix/store/8pllqrcln2qx94ycb9iwgps3kqhk465f-texlive-
2023-env-texmfdist/fonts/type1/public/amsfonts/cm/cmr7.pfb></nix/store/8pllqrcl
n2qx94ycb9iwgps3kqhk465f-texlive-2023-env-texmfdist/fonts/type1/public/amsfonts
/cm/cmsy10.pfb></nix/store/8pllqrcln2qx94ycb9iwgps3kqhk465f-texlive-2023-env-te
xmfdist/fonts/type1/public/amsfonts/cm/cmsy7.pfb></nix/store/8pllqrcln2qx94ycb9
iwgps3kqhk465f-texlive-2023-env-texmfdist/fonts/type1/urw/times/utmb8a.pfb></ni
x/store/8pllqrcln2qx94ycb9iwgps3kqhk465f-texlive-2023-env-texmfdist/fonts/type1
/urw/times/utmr8a.pfb></nix/store/8pllqrcln2qx94ycb9iwgps3kqhk465f-texlive-2023
-env-texmfdist/fonts/type1/urw/times/utmri8a.pfb>
Output written on document.pdf (3 pages, 99608 bytes).
PDF statistics:
 63 PDF objects out of 1000 (max. 8388607)
 39 compressed objects within 1 object stream
 0 named destinations out of 1000 (max. 500000)
 13 words of extra memory for PDF output out of 10000 (max. 10000000)

